500
0 7087 9067 4644 7451 5466 4821 5994 9250 5960 4020 6537
1 1327 9926 9997 8655 9866 1901 6823 7041 7730 5730 6349 7180 3077 9968 5677
2 3980 9932 5736 9207 8801 7350 6509 344 3202 4342 5448 2670 2643 2962 9533 9265
3 3653 490 1447 3956 1898 7099 6700 2925 3896 2270 6767 2810 1039 7929
4 5693 448 5122 5350 7845 4776 8151 5962 9188 4364 128 2561 4314 3480 7267 8935
5 5812 5070 2436 6903 4774 6413 3076 648 8428 8660 3838 6387 6155 4691 3144 2600 2100 2422
6 760 7285 7429 1737 2195 1688 3886 6527 416 2935 6978 2674 7669 7219 6827 2986
7 6003 9139 4592 426 3227 9492 8634 6598 7121 5004 9244 2926 1538 8863 4341
8 8817 7193 5794 6668 2401 7800 1967 1349 7006 547 7977 7413 4377 2986 9199
9 2129 601 8192 4975 3534 9723 9168 6140 5711 6086 8557
10 5941 2676 5456 4039 5251 4971 8382 4814 1670 3636 4489 2817 809 399 4855 3023
11 9244 3376 6646 7641 8670 3204 2998 5920 6958 9619 2794 5278 103 1504 5033
12 3370 2783 8444 6979 6916 8635 5624 3058 6911 4626 9505 3905 6101
13 2638 4345 4850 7677 7923 2111 1219 5807 8561 4169 8105 8005 752 4507 2986 6141 4314
14 5609 4292 1924 7276 2654 5904 1122 6200 1592 9666 3127 7791 8134 22
15 794 4158 4941 3716 4123 7788 4196 8088 6001 3242 4345 7090 2041 8069 450
16 428 8493 8459 815 1465 9401 6052 1913 793 6490 8498 9718 1256
17 3720 5023 9204 6826 4721 2059 3080 5270 2320 8195 1518 4727
18 9473 6739 6122 6809 6179 3182 5999 1377 1337 6006 1154 3285
19 7755 5617 299 8683 5468 1502 5796 4584 8140 7495 9137 144 3914 2648 850 352 3316 6584 3584
20 1052 6165 4744 2726 2465 7062 8248 8583 6561 4181 6082 367 2286
21 8897 2586 2881 317 637 1631 7522 5409 6395 183 991 3432 6030 9138
22 4521 2118 4602 9988 4594 8228 876 8134 5630 1353 8338 5396 4061 369 6796 8713 6060
23 8632 2958 4090 438 172 7487 2396 5691 4822 2242 1723 514 3454 9160 8125
24 2791 9237 6601 6992 2256 7232 3050 5353 8149 4941 8046 2365 6327 7997
25 222 7358 1834 2425 77 7945 2557 8447 8728 3048 2340
26 3807 7893 3056 5705 4763 4965 4174 2155 8592 6247 7915 4900 6281 5099 6547
27 9763 4066 8722 9209 2245 8757 1487 7786 2785 4750 9451 993 9013 447 3757
28 7453 9152 3660 3104 2589 7060 6262 393 2210 790 5354 7458 3184 4670 6938 9114 1071 9709 4539 5412
29 4563 2184 6602 7672 1192 1693 3275 4838 2911 6205 4730 8851 4199 5064
30 1865 4893 7251 1153 4143 6902 2875 3208 4556 853 3017 4265 5794 5848
31 9211 5877 732 6007 2109 3410 6077 8997 542 7613 4691 3975 8640 1446 7699 6360 6744 321 9480 9075
32 5534 9196 7887 1708 6776 8850 8668 7608 3345 3222 9404
33 4007 9273 9094 4268 4465 2028 5454 176 4610 5022 3538 57 7079 4705 1335 5748 3303
34 6320 6810 4859 97 6192 6253 5945 5252 3315 5639
35 493 5738 4735 7484 1766 8215 3701 8672 5020 7485 5543
36 7527 5766 6983 4800 5371 4866 4383 5838 401 575 5446 199
37 5743 6601 1031 7927 79 5119 7556 6702 1236 8242 2049 3485 1984 2414
38 5391 9478 3533 8349 7072 1407 3456 2135 910 8544 6010 7694 6970 2897 4091 9681 303 9015 9114
39 2879 686 3946 3740 9887 1759 5075 1525 2202 6031 6984 6216 4669 2818 1134
40 4961 6734 3747 3033 1444 1116 4173 9716 4456 8647 964 8710 4249 901
41 5285 6189 7951 685 3341 7026 8775 3018 4193 9348 8178 9249 6375 4824 9852
42 4224 7389 9301 5016 9446 8291 6170 9125 7012 315 3708 5282 4176
43 718 9923 4553 792 5868 7709 435 3151 8599 7878 1034 1123 1505 6821 6089 8832
44 2020 5006 9388 6677 6494 7286 212 5747 107 5555 8098 8284 4354 7759 4199
45 4909 1348 3657 7073 4366 1845 8951 7123 6899 9638 6825 4304 833 9153 5740 4399
46 1394 9619 3670 8532 7790 9458 9962 3601 661 2663 9937 3316 427 8910 3073 311
47 9300 7597 2391 5553 3714 2964 6079 8914 9056 5912 1829 5879 7880
48 2512 7464 7144 9764 3677 7078 8200 981 3126 4646 3883 4852 3047
49 720 2335 5500 3891 1560 2826 8375 1383 1896 9358 8095 6196 5877 8652 8124 6744
50 2033 3171 2464 8746 7702 5224 2738 6972 2666 6648 8148 9138 84
51 372 2953 6587 9717 2330 565 9792 6015 4496 8692 9027 9523 7077
52 6312 6926 246 3347 3629 6710 4538 5730 9940 376 3518 523 6547 2876
53 9522 2243 7463 7333 5398 3516 1625 5700 704 7025 5256 6325 8134
54 2617 7129 6260 142 9475 3754 6590 9646 539 4633 3432 7634 4399 780 3081
55 4684 9468 9187 7610 5547 759 6201 2367 2389 8743 8144 4758 5590 6603 2704 3305
56 4549 1044 6245 673 7547 7030 9303 4797 4504 3913 8001 8738 3584 951 6898 8538 4855
57 4505 8667 2693 4218 8626 6347 9788 7413 9751 8764 4002 5665 5756 82 6445 6285
58 5301 8264 7086 9039 754 987 2956 5493 27 8609 9155
59 4324 7504 6656 2457 9393 5170 6166 2273 4367 4353 5444 6673 3982 2139 4844 5437
60 5708 9333 844 1450 5405 8154 8188 3851 5074 5019 2346 1831 4180 867
61 833 1763 731 7225 5016 1474 3771 7508 9318 5861 5917 1145 3894
62 9831 8749 3725 6242 3163 3676 2942 2211 6455 9972 9654 8068 9470 5307
63 8164 538 8240 724 4747 5240 2067 3884 3862 4906 3371
64 6645 3458 826 6941 5944 6872 2903 9576 7085 5 9933 1117 9069 9013
65 6339 4933 8081 4671 9127 9408 1692 9008 4469 6300 3762 9806 8227 3079 4787
66 6793 9327 8064 9122 5560 1322 2158 4532 9588 2736 9883 3468 2555
67 9484 2828 9726 397 4715 8158 2122 5308 4082 8583 6281 4004 5748 8386
68 5683 5825 7582 2290 6548 5662 9116 5710 6672 7856 897 3916 8959 3098
69 8002 5351 3419 9779 7037 4890 349 2582 6778 782 101 3153 4650 5783
70 3330 3692 7786 378 9859 7680 7947 1685 680 4783 1476 5772 925
71 9691 5895 4208 5899 6533 2781 2860 8981 2326 3313 956 914 390 2892
72 468 1977 696 1989 1059 8549 745 871 3741 2805 4900 9508 6030 7210
73 476 2031 3319 4298 1443 7388 919 922 7337 4572 2650 1568 2114 5062 8896 5887 5064 412
74 6936 8866 4752 6530 6818 8520 8841 3697 6273 4581 7692 6761 7782 5445 7517 8284
75 4328 8372 5738 9264 4292 9278 285 1203 7983 960 9404 1248
76 3388 5539 6734 8972 6211 7191 5572 3899 5534 3815 3846 7806 1085 7883 8491 5715
77 3961 7545 3824 9383 6547 417 4648 4104 9777 9693 4977 240 4974 5388 5805 9988
78 8453 5045 8040 8473 6419 7582 1150 9781 4013 6368 4892 511 5752 1133 477 6613 3020
79 5867 6503 5860 7624 9997 4445 3329 9180 3737 5633 5362 4015 78 8431 7204 5775
80 9935 4260 489 1107 4541 5359 6025 1745 3553 8648 9786 4397 7975 5234 4529 9623
81 5884 4737 6848 5595 9162 6982 1678 4564 2345 4487 8461 6279 1261 9199 1736 2979
82 5416 1064 2444 2218 580 3022 2461 4842 9391 5071 6363 1043 6655 3639 1601 4901
83 6181 1973 2747 3398 5827 5785 3413 3192 3521 6153 1767 1306
84 3739 9534 5111 7655 3597 9074 4026 3793 5970 3129 8405 9206
85 63 5621 8773 2795 8791 1639 2441 34 631 4348 6867 8156 9197
86 8605 4177 3647 2069 4938 2981 8509 2892 9399 8014 5233 4352
87 444 2338 7787 2622 4923 9336 8798 2642 6801 4779 3813 8765 2569 8146 2085 6486 352 6141 7806 7266 9270
88 524 1323 2486 578 5896 8866 2203 1597 3266 6699 2602 8771 3525 4308 4314
89 2497 9177 9031 9009 5423 6883 400 1411 16 5905 5506 3675 9003 2774 1625 7852
90 52 4681 2107 6617 7381 7724 664 3785 2768 8686
91 3152 8567 9803 5207 3841 4168 9704 632 8043 7916 3222 5589 9521 7753 410 6611 921 6827
92 6831 5174 7688 7777 9902 4444 4315 9938 8225 5244 2173 5925
93 3490 6592 934 7233 3333 7380 8383 2035 8954 4309 4106 8844 221 838 8396
94 6444 9829 1083 3537 8272 3789 1412 6614 3267 9356 2329 5433 5350 2269 369 3507
95 5556 597 2759 726 6720 3514 6583 7594 5153 5358 5156 2413 1042
96 7743 4102 5917 6167 8907 9438 8939 324 6116 888 2570 7939 2605 2685
97 1683 4073 8736 1127 8119 5678 5325 5270 2731 5426 2594 6613
98 6878 1603 9115 4667 5422 7278 2101 2674 2620 1048 7243 7206 1391 2554 8125 374
99 6054 6218 8346 1801 4176 3203 9025 992 7368 1503 2830 5418 4755 6415 9164 6082 3982 6134
100 4635 7549 8881 1435 921 1049 7351 3860 6657 6542 1767 4437 2538 6545 7133
101 4728 741 9423 958 3236 2778 1382 7115 2739 2366 5259 8581 7602 6744 7018 6054
102 1231 8462 1451 8257 3132 7591 5792 9246 8847 3314 745 8540 4526 1216 8663
103 210 6447 5121 9241 396 1316 964 2147 449 893 3902 1534 2965 8671
104 2201 768 4725 3453 6543 6974 3547 3705 7315 4530 6895 2383 7795 9007 9244
105 5280 7078 7967 4784 1576 3368 9129 5342 3156 8361 206 1752 8112 803 6205 1401 2773
106 3702 3837 6388 6165 6901 7779 2015 5647 5309 7606 6213 1579 2412 4967 208 5038 7055 1238
107 7659 6764 4793 3685 374 8130 1883 7708 2528 9990 1905 347 4985 741 8450 6550 8470 9301
108 8770 8475 9745 312 1028 7950 2946 8603 1255 9902 1832 2790
109 3648 5933 5847 3498 1276 536 8874 3382 8127 6534 8438 4212 2480 3884 5715 8005 935 4531
110 7228 1037 7355 358 4274 2392 6044 5072 895 257 3421 9538 4834 8764 3607 3002 3679 7200 8431
111 8786 2472 5914 7675 924 995 3931 404 3146 1979 782 7709 6534
112 132 6523 6670 9206 911 4660 1032 3597 1301 1361 1414 1668 6421 8157 3552 9517 4217 1560 3964 4035 5451 183 2685
113 8967 8366 3700 8982 3746 1963 6586 8518 4590 5687 2641 9466 1260
114 533 2165 2770 6260 5428 1072 835 860 1987 8572 1888 6679 9007 2043 3106 2074
115 5898 6411 7261 191 4751 3243 2264 4087 3738 7992 3260 8417 559 9374 6528
116 5382 3193 1792 4453 1050 8516 4241 6605 5317 8784 6929 3726 1956
117 1336 8481 4561 6103 5383 5268 6724 1497 1470 3095 8499 312 4049 5443 1105 2533 6101
118 8990 1495 9476 639 2252 5715 9604 7880 3313 625 2680 403 9736 818 5227 1489
119 1889 8460 8717 3005 6011 287 1409 2125 8666 7899 6934 8131 3035 4845 9903 3580 2555 1125 9848 9129
120 9312 7925 3909 5138 3847 1364 1961 5194 4862 3810 6921 9513 2939 7266
121 3523 8546 5277 2745 4787 6412 2379 9099 8513 849 2485
122 2701 4941 2781 3493 9144 7127 1233 6937 1954 5326 8194 3326 9330 4477 6960 7439 3751 4995 1763
123 4306 5390 6449 8945 2806 7537 3099 4188 712 3937 8936 9523 9746 4269 1621 8446 8533 2100 8344 7120
124 7174 8590 396 2598 4112 1542 7342 6331 1814 1403 759 8753 5668 6797 1534 9199
125 1712 4480 9864 7215 541 6382 213 6840 1593 8515 9979 3240 2175
126 4172 6240 2839 526 3691 8581 662 4242 5203 5377 834
127 4247 806 6963 5335 6460 9986 6993 5090 9830 362 873 1868 4235 6092 1454 2666 2414
128 8822 3713 2999 8402 2340 2872 5208 4761 9297 7010 8722 3753
129 8510 7316 8523 6705 3188 2828 455 3751 2219 7948 7097 2145 5482 4091 5890 6369 3830 420 6417
130 6269 350 6443 7804 1626 3489 281 425 5282 1674 2811
131 6267 3336 8887 8903 3567 8423 41 4792 7019 8276 35
132 3513 7609 6905 155 9880 6370 2352 8751 5298 6727 1969 2634 9011 3103 3074
133 6656 3820 9674 7487 2616 2105 9181 4533 6258 3150 3981 7319 251 7989 5448
134 4664 5676 9414 8259 5179 7792 7676 1092 9275 582 2127 6213 9407 2630 1570 3792
135 6718 9312 8703 2835 7114 3083 7164 3194 3499 7240 2
136 6560 6377 270 8457 1239 2846 4023 1927 1520 1523 4679 6261
137 5710 6698 2870 5690 5831 998 3855 9711 8918 5327 386 2501 9770 3830 1358 7219
138 3156 9159 205 6863 5943 5047 3770 8980 1207 5386 384 7747 9465
139 7013 1027 1978 7126 702 9217 7459 3414 9386 7272 5657 3267 2773 9688
140 8493 2202 5395 3590 233 4873 9233 7047 9109 7662 1033 1383
141 1230 2096 1686 5754 9584 7397 5293 1806 7968 959 2164 3323 7811 5724
142 2272 9184 6731 971 4908 2518 6829 4341 1954 9050 7457 5399 5969 6281 670 4708 8893 2894 9669 5219
143 9316 6062 6732 978 8016 197 3531 1848 2404 6355 3849 1353 9903
144 2431 9953 4369 1232 8685 7816 5261 3468 6210 3972 7829 3591 6360 753
145 6851 7254 1175 7650 3128 1008 810 5986 5469 9774 9349 2305 6768
146 8882 7447 9689 9871 4564 6532 6441 2842 8185 7922 6063 3392 5436 7462 2917 3305 8387
147 218 6414 5351 3399 8958 1838 3541 5387 8676 5430 7710 6557 9426 266 5322 4531 3885 9990 447 5340
148 3683 4462 6516 9179 7719 8001 4971 6518 9541 492 9966 9120 7153 3006
149 9676 1666 7344 389 5634 1039 3894 491 8352 2284 1218 6292
150 2611 5210 3059 4521 4897 7909 4778 3895 9014 9692 3789 5857 6320 7256 7200 1534 116 5862
151 4939 2458 4861 4589 8234 8772 6647 5637 8135 7249 6029 6639 272 4619 3914 9545
152 7500 670 8705 7749 2265 9612 4936 4253 804 4387 3548 7034 3081 952
153 1611 8878 6033 2614 5798 4769 6053 4677 8490 4422 6266 4326 427
154 6338 7498 2935 5188 3540 9608 896 2572 9787 7865 254 2279 989 9256 4199 8431
155 7642 8008 1140 9500 8636 6229 3631 9521 1449 1948 6924 6124 6787 8526 8853 4668 76 8293
156 4032 4954 5085 865 8389 6351 2867 7753 8135 6942 6085 1783 9688 2808 843 8644
157 1942 5158 1113 8782 5551 518 9341 7111 8236 3354 2502 8654 3163
158 2308 7498 2036 7344 9833 4031 1375 2167 3845 2282 813 6186 2499 1607 9545 7806
159 5426 7263 2002 9401 1884 8744 4161 4332 4065 6154 7476 8251 8722
160 8682 3008 545 4966 592 111 1916 6840 7118 1131 4426 8270 72 7759 7933 6537 5762
161 2160 353 3667 4925 267 348 3602 501 2169 7899 8769 3723 5817 9060 9995 8062
162 2560 706 5339 7241 552 4515 6203 8169 14 8160 7716 2077 8570 7517
163 2245 3247 286 1929 4588 6295 1283 3411 8574 7532 7669 3752 1791
164 5621 3153 6376 3795 2608 6168 5755 5885 7198 9487 4924 2963 8439 7672 4491 965 5685 1986 2443 6398 1956
165 8319 6414 2426 7712 6750 8580 1917 2498 48 3300 6606 6400 5989 7219
166 1416 1368 1191 9126 259 9960 8427 4010 5980 6455 4744 8628 4340 7013 2537 8396
167 7213 2746 2868 3338 924 6623 715 9611 7141 8079 798 4134 4766 7586 2121 4400 6631 5294
168 368 4121 4837 6593 9161 407 5615 3734 4973 9139
169 8483 7396 9075 5803 6070 3298 451 1303 2229 4279 2460 1807 7752 4034 183 7968 6692
170 7922 1789 5292 5905 3391 4432 799 4974 2881 8116 9999 4325 4957 5078 3777 8043
171 4546 9317 7559 9949 4575 6456 5040 1384 1405 1655 432 9852 979
172 571 2621 3985 4095 2844 5458 7055 8600 7879 4955 8720 8477 8932 7933 8388 6855 8910
173 8067 2551 4318 7810 8744 5417 4202 5957 6094 2486 8716 1686 8920 5946 4020 7053
174 9459 3334 5439 4548 1319 6060 1198 5934 1077 2649 1619 3678 6429 5063 6115 4311
175 2670 1617 1682 7278 6149 3151 6362 9898 1582 1034 7623 3984 5173 3961
176 3262 7720 6270 6374 6164 884 8463 5892 827 3097 9714
177 1437 2635 8552 3584 7933 9659 6859 9409 9579 469 5995 8389 2394 7077 3041 5082 6105
178 1556 5773 6289 8080 7162 7814 3125 7668 9096 3192 8185 7435 5254 8618 8816 4616 463 8859 3163
179 2054 9438 7440 6448 2137 9851 3583 5775 2865 1835 7571 7575 9493 2128 8830
180 5649 5519 667 926 9826 6573 7242 7577 8343 2671 9706 4129 8495 6482 8658
181 5592 4518 3451 8762 7306 5598 3318 3782 6022 8927 7162 2540 7751 1134 9299
182 8170 3643 8780 8302 7836 7628 8018 1457 4708 4051 2271 6608
183 3005 9443 6619 7739 4186 8586 2732 6133 3245 6066 8367 8983 8793 8428
184 8440 1761 9430 9592 1511 1084 6371 1630 589 4742 3806
185 5308 6800 2519 734 1817 2915 8573 51 2256 3331 8723 5211 812 149 135 4311 6381 5445 8431
186 5601 472 2703 4269 8141 1331 8027 5341 1642 7962 9065 4151 8419 2060 889 7949 9301 2327 8043
187 5537 3418 6686 2220 578 2302 5000 9057 2510 2639 7880
188 1276 9422 8831 1796 5953 1946 6907 7960 5084 3997 1941 2212 411 663 2346 2240 3144 3905
189 6 6933 5548 5089 5704 7360 899 5627 2349 1466 4396 8056
190 6626 5442 7235 1577 2817 9076 4266 6465 4723 2750 6162 6674 1077 9374 1066 1984
191 8136 550 1164 6502 944 2119 7224 2390 4823 4275 1964 9592 2278 4414 4851 2240 2568
192 2671 1676 5557 4579 2120 2294 7685 7488 3541 1359 6343 8053 6986
193 2658 757 3614 71 2857 5041 232 4407 9898 6301 7054 2647 9790 7932 5029 2792 6621 2555 3032 352 5507
194 8469 4086 8846 844 4444 1400 8337 2537 3557 6919 3000 2182 2422 6949 7007
195 847 7734 8421 7557 4229 3288 8911 2965 7236 2187 5031 3602
196 1841 4522 4511 7332 8715 8330 7218 505 1700 4513 7771 5097
197 2687 364 3394 306 6451 7835 8950 6837 6298 9444 6616 2446 2060 3395 8830 5458
198 2628 5303 4991 9066 7253 9030 2408 3181 6169 863 6538 75 9842
199 9245 7567 5209 2490 3644 9395 3944 6549 3744 1914 4522 5367 1130 7888 8406
200 304 5154 5404 9266 653 9558 8485 7269 5352 3238 569 5412 4664 1105
201 5749 2420 1569 5355 5503 6493 9085 7192 1908 7015 8058 6170 6178 239 1752 1343
202 1479 7927 1038 7937 3285 5392 5239 4693 2490 9998 6405 3758
203 3865 8999 6831 8270 359 7514 148 9402 1887 9964 8223 4824 9817 8797 2407 8922 3371
204 2444 2017 529 5427 5272 8041 7753 3004 2868 8261 5864 9903 3163 9842 7949
205 354 5466 5804 8998 8362 6541 5536 3415 8517 877 9098 5453 46 7133 6054 4909
206 8063 949 8208 5176 7698 1307 5810 2116 9587 8535 9784 2016 5401 4629 3728
207 1562 6506 6834 4456 9585 2598 7663 491 843 1728 7757 8911 3755 8579 7864 2288
208 7009 4402 9765 6915 4486 3291 3562 481 4701 3927 8371 6851 9515 5053 51 2643
209 5462 3350 9095 5343 6771 7885 3320 341 9387 3505 721 4733 6701 6157 5477 8512 5869
210 5271 7841 5952 9745 8642 9094 590 7068 9610 5891 8289 7296 6258 8293 6020 8005
211 970 792 6846 8432 9667 3275 2822 1831 898 9549 7744 828 8821 9225 2437 7413
212 8224 3596 1681 6469 1420 3998 9570 5185 5756 8429 9313 3671 4827 1904
213 1020 4222 4195 3344 366 20 3966 1680 1836 8819 8167 4179 8900 2962 527 838 5677 3981
214 6762 8020 6681 9867 8006 4384 3835 6646 21 7750 7787 3703 5583
215 421 4622 7329 8505 3764 1895 3046 1481 5981 6436 5870 1181 7756
216 9192 5186 5517 4611 3269 4071 1134 9522 113 5144 2873 4463 5445 2440 210 8904 1708 7296 1299
217 838 4214 1177 78 3666 7714 2370 6188 5664 879 9676 273 6244 2398 2288 3163
218 8542 1402 1344 1007 5797 1950 3149 6552 1408 1581 2813 150 7160 7864 2662 4664
219 1850 2047 3712 4015 123 9483 5780 5494 8294 510 4081 6706 7687 2018 352 8651
220 1201 3301 9968 9172 9895 7648 5948 1771 4709 7461 7670 6630 7474 9075
221 7741 3999 4100 6036 1957 9930 6178 9094 6830 5701 8503 2673 2934 4501 2052
222 8828 6794 2902 1019 1275 6840 6242 5385 8418 9556 9020 5615 3316
223 4126 5474 6102 5330 543 7543 8964 6506 2647 8971 7521 8516 9013 7379
224 1893 379 8863 7280 3471 9850 2197 5780 7676 3262 2274 1107 2382 6292 8711 1560 8491 6613 9573
225 1777 1146 7472 140 8354 6906 1098 7414 1083 116 5813 4150 1731
226 7393 8765 3887 3991 7688 6491 2845 5893 9181 6925 9620 6774 5060 7438
227 3854 1773 6545 2718 3662 4969 4272 9529 8796 8445 541 9260 9757 7736 8812
228 6467 6137 9569 5856 5936 8756 5478 7635 5761 9323 6100 3475 5104 9230 8517 8293
229 8994 1909 7574 600 7311 3454 2784 6272 3632 1256 7841 557 9643 5788 2322
230 287 2887 7074 8480 6752 4804 5649 2494 3239 6000 3402 9600 1524
231 5907 3542 5161 9153 4315 8091 4411 819 1937 5997 5131 196 3543 6054
232 3951 9086 305 6266 8568 810 4039 5843 2843 1754 3077 9197
233 2003 6544 5005 8298 450 2984 1305 4702 2711 8506 9293 6913 1626 9189 6846 2988 8994 8462
234 906 1111 8559 3665 3561 891 4613 2610 4327 7274 8104 61 5458 4531 5437
235 7116 1571 4484 7351 7715 3041 4507 8410 6446 6281 1801 6950 3365 4034
236 4083 5703 4893 1988 7282 6610 684 3392 4983 4772 4379 1784
237 2785 7275 3797 1664 6802 1252 7711 9924 3254 5611 5834 9357 205 9008 9453
238 2468 8239 619 3923 9768 5525 3863 1691 5178 3092 6086 1822 8987 5516 603
239 5929 4579 4699 3440 6061 5499 7032 932 7321 8422 753 8296 9014
240 3308 3111 182 9876 608 2206 8616 7863 7204 5795 7813 3122 5505 8803 2161 9270 1042
241 4580 2865 8400 4170 6909 6665 7248 9215 6891 3592 3612 5232 2967 5049 5112
242 955 9924 9705 2549 1439 2697 7033 6404 2996 4226 6826 5132 7691 5443 3106 2613 9224
243 1075 1105 4048 9941 1571 3385 2754 5169 2190 2375 7479 5138 450
244 2727 8030 1466 3431 544 8335 3527 7593 5300 3987 2085 1935 108 3664
245 8140 8804 7552 9605 7840 5573 1573 7288 9567 5472 1979
246 6675 9615 8750 1040 3669 6881 8307 5737 9005 675 9716 5608 6604 3523 4482 7478 1496
247 8785 9510 159 5196 2109 6712 8893 7833 9507 3279 1657 433 5109 6910 2496 7167 2589 9677 4765 2666
248 8021 1648 9353 917 9782 3703 9466 1638 729 4883 1060 549 9324 9178 3758
249 29 9163 9362 4902 8289 9797 4887 1647 1658 1430 1270 503 8487 238
250 6594 28 1194 9576 9741 8038 335 7581 9894 2464 7267
251 8861 6854 1769 7450 8145 4964 4362 1458 2298 4854 4884 2904
252 6222 8045 6009 1796 611 4729 6237 6278 5371 3513
253 8052 8966 8342 6434 6521 9931 8057 4163 6483 2802 8862 8302 8441 3261
254 9453 1348 7732 5826 858 2070 3766 1482 4806 7339 4956 5339 2559 323 5194 5605 8812 8193
255 1063 1432 8918 4818 8740 4203 6945 8777 714 9961 8176 3885 2029 8092 1627 3706 4352 7545
256 3227 6426 8502 3702 3673 2559 9400 6147 6290 1786 4271 4155 8082 6635
257 1118 2157 739 1731 3823 5176 560 7563 8128 8078 5212 3894 7647 9478 1853 3201 1555 3251 5437
258 3373 300 9762 4377 6956 8309 3995 3110 9201 7048 6808 1622 5467 6899
259 8260 6020 5216 1604 8547 3216 9148 5974 6609 3799 1205 9573 2986 6030
260 9034 6805 3971 7549 453 5521 2523 7291 1507 5156 7775 84 9930
261 9321 4920 440 1932 9413 3383 3827 7327 4109 3635 5149 1260
262 6524 9082 2280 5830 5038 3396 3668 6048 2019 9258 5334 7001 2847 745
263 5386 5295 5234 4896 3417 4443 9130 2099 1122 9335 6815 2840 1157 3436 2095 1871 9586 5340
264 734 7197 1749 8856 4721 8949 5380 1353 7422 2117 5913 7188 9627 5323 2005
265 7798 6572 786 7317 4127 2023 5014 408 8836 5789 65 454 6482
266 6608 117 9996 3828 8176 1616 6380 2746 9328 5245 5522 8336 1181 979
267 4612 391 2153 3743 2969 9347 5047 5757 9991 5369 1770 1572 7426 7762 3113
268 9371 7181 3340 2957 9537 8356 1328 4320 6151 4627 9314 7526 7178
269 6563 9280 9379 1746 4040 6586 7367 9618 8620 49 7120 2630 8711 6790 3958 7438
270 8797 918 5679 1682 7234 5988 7697 2430 7794 4517 5007 6354 952 7349 8313 4060 3113
271 3715 9023 2476 8852 1668 1235 3817 4866 845 3385 7686 5653 4858 3877
272 4591 3249 7675 3473 9572 178 5777 4935 3599 2293 8359 3936 4868
273 9132 9785 9103 4655 8862 3185 2577 9026 5654 500 4389 4180 1784 4647
274 4051 9654 7220 3378 5008 852 5726 6816 1324 867 935 7699 9842 5248 1774
275 5151 3427 3676 5584 666 236 4851 3869 1387 1141 2864 6890 7901 5921 4692 2288 9075
276 4029 6579 8931 3994 6046 2128 4650 5276 7356 6954 5185 2499 318 8060 4520 901 4501 9545 1287
277 1529 9528 6227 3535 7137 6119 6543 9357 3267 9083 9108 9238
278 9598 6063 3302 6382 6698 1271 4429 7907 776 5135 1109 379 3872 1009
279 3311 4695 5504 1343 8350 8882 8085 8163 1569 9252 3565 4042 7505 4801
280 1554 6676 2369 3522 9141 6257 7852 4475 1694 7631 6464 7283 8420 2409 3515 6815 1121
281 5495 5448 2787 9142 2603 2533 4148 7340 55 8762 3207 7707 1952 8787
282 4242 6546 4032 4420 3264 1628 6680 8984 4547 7693 6920 6671 9004
283 7343 8664 4158 8275 8926 624 4614 2186 3003 8600 9138
284 6131 7796 9977 1859 7000 7237 2423 1793 2113 985 1708 234 1943 7406 6627 5206
285 9481 3379 457 4808 9675 6084 207 7353 4565 3189 9450 6951 8554 5043 6404
286 4542 8125 9856 3544 2309 198 1525 7588 8256 719
287 9014 7435 5054 2663 7562 6786 3465 5114 4329 1053 8473 2148 7713 5288
288 442 2699 6145 2183 4764 4649 8594 4720 3949 33 8757 3959 528
289 4284 3123 3624 3604 8021 9617 1332 4922 1376 5509 5768
290 3336 9841 9935 3225 4987 4028 1014 5762 214 4206 7427 4909 2704 1979
291 6172 7314 7122 9565 5247 9874 6351 199 7966 1513 2168 6781 2516 6889 4457 7133 6931 2327
292 4461 7157 7169 463 4251 831 6155 3974 1153 2790 851 4104 412 9404 2209
293 5115 6961 2254 8216 2188 4382 7194 2234 8098 3731 4063 1934 8898 8221 1246 2136 9007
294 1279 8434 4025 9941 8622 4755 8297 2918 9417 4962 8498 5899 1216
295 2175 5886 461 8739 7364 8159 8308 3210 17 2330 7131 2155 9244
296 1345 5125 2574 5159 2279 9953 6914 6020 2780 1024 9043 6772 6643 7874 7880
297 6011 1047 8278 9722 3749 2453 109 5894 8452 6265 545 2668 8716
298 4352 96 9527 8292 9231 5718 2968 9126 3570 3474 4350 8121 7267 5322
299 5769 5819 5528 4751 23 4994 1496 167 8258 69 3750
300 5407 923 4417 4849 1692 8987 6954 6163 1567 4213 5636 3157 6014 6332 7153 7852 8130
301 2342 9846 6899 7484 763 7071 2485 494 5145 8373 7530 8675 3375 5389 7972 7429 3119 2150 935 5993 9990
302 30 8671 3084 5127 2402 7821 8431 4928 8906 5081 1062 5984 9807 8883 5437 6296 105
303 7452 6611 2896 609 8977 8172 4809 5932 3325 4999 3055 9578 2175
304 5520 151 4005 5855 8860 8810 9389 7220 7290 569 2475 6860 9440 1931 9132 9407 7486 6101
305 5220 9636 6303 4532 1665 6226 4947 9957 3796 4198 9820 5992 7970 2583 3241 8015
306 6299 9271 3051 4855 2614 7088 4197 6766 8167 325 3710 451 5857 9445 3225 1305 7456
307 1940 4192 6880 2439 4703 7723 6748 5859 5723 2024 6836 7824 5507 8696
308 98 4085 340 1055 7322 3423 6188 774 6586 2449 8574 6675 2892
309 1565 766 6104 4225 4562 5728 7664 4992 4297 7474 6993 8810 5440 4176
310 9340 2531 2724 1220 8969 7271 2735 2058 8455 1966 253 9285 7239 3818 4442
311 5964 7949 7701 8618 5565 2741 1884 4980 6522 4970 4759 6301 495 7166 6170
312 7155 5538 5408 5257 4074 6940 7252 3641 1002 5973 2177 2427 4962 6197 7481
313 5287 1159 8992 6489 9857 1785 8970 9703 2550 3361 8377
314 3494 4214 1078 3024 5493 9677 1800 486 2083 8536 1774 3263 8055 8212 523 9219 7653
315 1834 7808 2706 1652 7372 3729 1920 3767 1151 6580 3858 3923 6986
316 4959 6918 627 7322 8824 2515 7187 4052 8803 5943 7575 1299 5962
317 3460 9403 7014 1164 3784 6152 4937 5195 3349 4537 243 1871 8864 8687 525 9129
318 583 1907 9393 8898 2505 9516 5097 8440 3918 5613 7845 154
319 7736 5738 4428 2588 483 1521 1403 5682 7890 7361 7202 1149 3877 3023
320 333 4888 1546 4144 3027 4760 8029 4141 8152 502 7059 8074 8677 1781 7423 6613
321 9640 4372 4564 4790 6037 5513 6329 8310 7454 5544 2265 2926 1058
322 4500 4240 8276 7496 4312 7465 638 5219 7105 4766 2963 5553 4658 6972 5996 7429 1774
323 9235 4087 6221 7299 235 5800 2326 3452 9657 3455 7075 2013
324 5639 9840 1097 6095 5963 3521 8464 276 6220 2769 3380 41 1190
325 4209 8164 4678 2838 1718 5161 9631 4419 2700 9261 1121 7517 7438
326 5509 2765 2713 1347 1757 3958 9989 7650 8973 6917 3928 990 9265
327 1634 668 5888 7383 4055 9379 6746 7773 101 6636 2885 8037 1552 9800
328 2936 6602 3637 8476 5666 3620 5321 8329 1383 3530 3306 6613 2008 1330
329 728 2123 699 3594 719 1900 1537 8468 7158 4806 9811 4765
330 1650 9485 1711 1102 6367 2484 5150 7091 278 3568 7513 2140 8036 9160
331 1093 9311 7143 8186 4394 301 3422 9738 6636 4820 6458 6717 3343 1986 6054
332 3586 657 9284 5310 718 1875 7269 335 4735 164 321 7733 9615 7754 5340 9465
333 1824 1091 5141 602 5319 7654 1564 4440 7449 7083 5871 9599 6687
334 1000 4207 2938 4452 6575 1892 2721 9024 8277 4230 3232 7260 722 2615 3012
335 1762 3856 3044 6337 1281 5603 3021 4289 7901 3297 6027 6014 4539 3352 6778 4317
336 4867 520 2819 758 4437 6884 5799 191 6185 3074 5909 3144
337 8471 8033 5451 936 4408 3476 9758 7874 8147 3348 4416 7159 4467 6374 332 4801
338 8424 4054 3524 1921 3405 4538 8938 7781 7289 4585 7965 6117 7606
339 3277 6115 1461 5720 2702 294 7734 7787 8170 6852 9845 447
340 1937 2722 6391 9954 5734 4929 8113 1629 36 5008 3567 90 2 6153 6986 5307 1293 4314 2904 7120 4765
341 1636 6371 6882 5107 1579 3501 5615 1955 4293 2480 7709
342 2275 8406 1202 9436 7862 9640 2418 9805 8899 3549 1326 8674 4882 6393
343 8363 7147 773 4277 2289 3440 4511 2715 2034 1910 1174 4577
344 7885 8768 9265 460 7984 5642 969 5702 170 3103 5015 7792 4658 9405 131
345 6554 6691 4038 8279 7980 6193 2225 7501 3312 4080 9647 4027 9380 1875 1790
346 8143 5402 2870 6804 8056 7848 4119 4501 8191 1106 4618 5823 3603 3074
347 7543 7059 7036 506 6425 173 5355 5362 2991 8269 7165 1625
348 9526 2931 6287 7248 323 8305 4749 4754 2798
349 1325 155 2102 1398 563 4674 761 9930 3533 5645 9028 4129 3610 4157 1923 2220
350 4892 6622 5770 3118 646 1058 6457 3709 4871 6991 2900 81 9080 9091 9467 9428 9453 3830 7736
351 1740 6928 8595 3625 5667 9302 9920 5897 1510 7961 4296 4558 771 3253 7008 1125 5880 5758 221 8484
352 8467 3001 3736 9543 1498 153 3897 7538 8118 4286 1729 1436 8189 6635
353 2987 3630 5048 8507 7621 1340 7438 2586 5052 6459 6799 7550 5473 4149 8644
354 2799 5669 871 381 3036 4107 8854 8394 6482 5751 2861 7024 3752 4786 3022 2304 200 3728
355 8837 8413 6510 505 4587 1645 982 8449 1528 9010 780 1375
356 8353 1508 5862 3341 3747 9456 1697 5414 4234 2247 136 5075 6306 2465 5304 6613 8406
357 2696 3551 7076 6144 8350 7754 3169 2974 9664 2951 8614 3805 2532 7285 148 9137
358 3573 9954 2297 6675 8299 5191 660 4218 4589 6034 5065 394 796 7822
359 9133 5332 7262 1978 6695 3656 7329 3859 4968 310 3011 4310 3089
360 2882 7125 8729 215 1533 1440 6709 9401 5316 8243 9904 5069 7172 6270 2615 1524 3543
361 6713 9633 6800 8209 530 6457 4758 6618 3745 7783 1031 3374 5492
362 4846 2509 890 616 4963 2487 2277 7850 1314 7782 7392 625
363 2595 5554 9283 5393 8390 5306 1590 1601 4290 7063 5658 2829 3545
364 5301 7943 6875 3993 1792 5727 6628 1663 9818 9370 9043 6946 2001 1383
365 3217 5972 9216 8165 688 4033 5067 5601 9732 3781 4349 7456 5340 4901
366 2228 7938 3206 4934 9223 6138 7117 3061 6156 6769 8043 8251 300 9224
367 5024 8416 8766 4805 6886 2072 7599 2481 8569 8162 5106 122 8036 9713 2327 7699 6458 5412
368 3977 154 3114 6468 7196 5166 3064 129 5673 9716 8511 1429 2260
369 1548 7142 482 8393 1531 6366 7784 7570 5559 5571 3543 457 2892
370 7744 1696 7301 172 2517 9838 5168 6896 3954 9121 3566 8495 6692
371 4490 1743 7604 8637 3926 9052 1071 4147 8237 1724 755 7113 8044 9848
372 3745 6109 1085 2086 6324 3492 7797 1321 3962 2898 8174 7088
373 329 4230 6653 1369 6436 4624 1442 5860 7170 481 610 3790 9147 1051 4860 3050 3869 7474 1504
374 966 9890 961 6551 6231 550 6962 4254 6088 6334 8801 4390 6467
375 7510 5117 6818 7050 7482 4798 7740 8247 1515 7672 8522 6894 8724 5609 8922 4340 2340 8387
376 3661 9632 8198 5296 9566 5479 593 9731 4948 1501 6555 4736 8501 3020 4027 345
377 828 4777 8196 3730 4586 221 9827 9844 1839 3890 1186 9256 6323 250 6470
378 513 2941 4133 4880 5963 8678 1410 1094 6495 6428 7889 8701
379 4081 9622 7955 3362 4575 9758 7611 8099 6197 4857 6607 9669 532 9742
380 6470 7499 1519 7742 5360 1280 5965 2730 1565 7218 2692 7956 2121 8332 4199
381 9732 9291 3694 1477 8222 4132 7827 3682 2721 3251 76 9259 5604
382 1212 2421 9700 1830 2904 7313 3324 2548 4408 7598 4337
383 3086 1098 1467 8241 4168 1971 2943 4378 9036 2239 9833 8315 440 4450 8269 376 8345
384 1881 4018 4771 2353 9737 7403 2030 2079 7725 9268 5873 5413 7820 7902 4004 4958
385 5549 9366 9747 187 2948 9711 9035 4178 3877
386 6501 740 2575 8738 4727 5978 9041 193 216 7696 1641 9139
387 9385 8387 6412 8976 4335 9645 8657 4604 8031 9440 3014 1716 3819 2760 1670 7699 2986
388 322 5140 3579 9345 1694 4746 976 3501 7842 9154 9042 9224 3936
389 682 638 1120 2681 7979 496 1396 8619 9090 1953 7190 5341 3449 716
390 9354 8363 5449 4726 6416 9628 987 212 4137 9332 3061 1677 8858 166 6765 695 8078 2155 5677
391 4736 5832 2711 6148 6845 2235 1517 7586 4632 8806 4340 4056
392 842 336 3593 3812 2032 8895 5926 1912 4454 3043 7028 7074 7607 6827 3061
393 9315 9047 6002 6967 9912 268 8442 4498 9140 1695 8217 2858 6703 9443 3006 3111 3982
394 2780 7295 3911 8741 4300 756 7843 3278 633 60 4423 3521
395 8357 5441 5177 4122 8978 9707 4138 7138 1732 7027 8088 9169 8491
396 3252 2553 7840 1581 8681 419 2384 7250 928 866 7544
397 3721 4449 3274 2973 4743 2152 3919 4183 9915 1798
398 2777 7741 2477 2295 5816 4326 4914 750 673 5778 6615 7569 7920 4035 1984
399 4988 3147 65 7405 7775 9295 9270 5030 2836 6467 6202 1267 133 9593 7161 2192 8504 2643
400 5508 6865 3167 4734 9834 8263 908 6538 1580 4255 5226 551 2616 1809
401 4901 6641 7480 6378 5515 9508 2895 8531 2272 6346 6866 8360 238
402 1004 5193 316 1145 1189 6327 9472 2869 9767 5674 5182 8712 1611 9040
403 5410 4253 6442 5852 3359 8587 9189 7331 2651 930 5784
404 3857 8042 3053 1852 6042 9292 4875 5244 6770 497 6505 1938 4886 6073 2790 2555 8794 925
405 5073 3988 7264 478 5304 1069 4964 2248 7590 3950 5172 6021 9290 8685 3023
406 4685 9194 605 7043 2950 5698 5356 297 4638 5902 8117 7896 925 8601
407 3681 643 6612 9169 1359 9906 3135 9181 4690 1861 2061 8267 2741 205
408 3536 5126 2282 8155 1156 2365 1180 296 6463 8672 1352 600 9731
409 8815 3581 5716 9384 4780 5137 1669 158 4076 5868 2204 1252 5065 3932 4027 9533
410 493 7442 9011 3804 8879 121 9019 3284 3857 5523
411 8714 5881 5388 2314 3879 6019 8955 6318 4356 2156 5189 1454 7652
412 2217 4478 9218 9565 8425 4045 3026 5729 9161 4606 2093 6862 738 2662 3331
413 9601 54 7367 9296 7328 2973 7649 7227 1775 4189 9243 9349 5175 321
414 8914 916 9621 3403 6742 2007 7469 3190 4216 8084 6721 9721 8529 2729 1042 7806
415 2672 9236 4625 1239 9641 4593 3292 802 998 1918 5752
416 8004 259 6723 6558 429 8560 2525 5851 9581 9815 6920
417 5248 6642 1522 9945 656 9683 7290 1389 3565 5336 7849 344 7285
418 1678 8267 3526 3463 6861 2092 1844 8234 4166 984 3016 56 4236 4294 1238 9178 3830 6327
419 3358 4000 3310 5102 3942 413 2231 1366 9728 9816 3621 4350 259 1238
420 5389 6147 8281 2044 1956 8175 7493 2381 4840 8830
421 832 7489 4607 641 9859 4259 623 219 8548 7052 518 9299
422 9040 3842 8789 2744 4134 4004 6101 4093 6040 1588 247 6597 6492 226 5605 9337 7512 6379 4108 7919 9933
423 2078 3235 4418 950 3664 3085 8728 7536 3274 7268 4870 4720 5813 9293 8949 3704 6534 496
424 744 1976 2085 650 1425 3034 4903 2544 8233 863 9578 1147 1557 6384 1810 7883 4574 7713 1238
425 4676 3121 9156 2191 372 8930 3410 1012 3783 7490 5213 7183 6651 8445
426 9823 1815 4264 4620 5956 8430 9955 1399 4185 1981 6014 7029 776 3982
427 2981 9686 857 8203 8052 3745 7240 2018 1847 1616 1262 3335 6652 687 2013
428 4055 9534 3023 3100 5961 2417 8301 3037 8829 6274 3772 9655 5532 5099 7324 2546 6101
429 1259 6395 9686 1941 7314 6357 100 9309 1250 6727 2941 5080 6584 8726
430 8577 13 6987 2039 3052 6953 5840 1453 3381 6379 2814
431 6385 2559 8472 7318 6134 5779 3555 2241 8643 2458 4936 704 2565 569
432 915 1813 7974 9398 1313 8142 3634 669 3827 2961 6828 7000 9425 1552 8387 8812
433 3672 8645 3758 4191 9364 8355 6190 4433 4187 7491 9908 9031 9414 3158 3067 7004 650 1117
434 7430 7131 1860 5654 402 4976 2646 9461 5531 1761 5659 9950 6238 1997 8523
435 4550 4376 1409 8296 4038 8035 9637 7043 1912 3836 3753 1702 5869 4728 5848
436 3506 139 4292 9725 3442 989 7703 4982 8524 2643 3450 5580 4361 8896 9461
437 6227 141 209 6451 4221 8034 2084 309 2176 2749
438 676 4310 5787 7713 6120 6241 5588 5546 9942 4050 4110 8306 4319 279 1705 4176
439 6452 4008 6117 2437 2363 1202 4089 9225 3146 606 7630 5198 5880 420 979
440 7859 9232 5376 6500 9671 4567 2723 3866 5415 370 1422 6044 5156
441 3299 1197 2030 9259 2300 9415 9194 7683 5353 2395 25 732 8193 9684
442 1417 1222 338 9359 6071 9176 6621 8268 2624 4290 128 4711 6525
443 3783 4777 608 1200 9690 779 5425 1494 5143 7057 4311 6692 7517
444 5429 8479 9351 9695 2761 8780 8710 4717 6352 8608 4570 6098 6161 1557 5643
445 8753 4380 9455 1010 177 7683 905 8615 3317 7745 5643 5848 1750 148
446 5744 9072 1081 3126 7789 6223 9331 9048 2590 7516 7618 8235 8809 7732
447 2428 5776 9192 1299 5033 6072 5887 2565 9067 9517 5733 2163 5307 8495
448 1982 3447 8096 4388 708 119 8249 3214 3711 8841 925
449 6964 120 8274 5169 4630 4406 4990 8790 7810
450 5036 1725 9604 7546 2655 5161 7467 5690 8975 6201 3007 7550 3032 5880
451 9188 9862 6186 5966 9606 8908 2545 9848 3180 6067 4785 4985 4307 6594 5347 8952 6650 8711
452 3015 7828 2939 5902 114 947 5035 229 3143 8106 219 2570 9026
453 7721 395 4386 8996 6319 4654 5647 3031 4700 2660 3377
454 601 2607 5317 3554 7540 5022 9322 788 5343 8183 6889 4326 723 1473 9580
455 2426 1262 7992 574 6394 4139 9396 7154 7022 6184 9582 2491 2920 1023 9160 847 8711
456 6311 8916 2463 3837 578 8942 9372 2910 8689 9021 979 2576 7912 7442 5788 6584 2962 3074
457 876 3794 4749 7591 699 4731 2322 2305 7174 4569 8300 823 451 3970 7993 8470 9903 7210
458 2979 7986 3 3518 3072 1760 8788 7223 3821 5147 1167 7068 9197 8612 8212 7652 79 6692 3363 3371 9139 6938
459 4182 7346 4996 2376 8143 9566 3881 8849 4527 8814 8087 3836 1117 7652 8431
460 7357 1 3257 4819 9680 5488 1289 9325 970 3420 4362 4340 9573
461 8781 7903 6282 3658 6798 3307 8146 1102 6472 953 5273 5502 8512 3032
462 7049 9224 6920 5869 9079 7991 7758 9310 3759 331 8597 7047 5400 7732
463 7040 4363 4732 6691 9287 4917 9270 412 4718 11 6437 2341 4639 2679 9023
464 5044 8392 5155 7 5492 2977 3626 9433 2599 2454 2144 3833 5646 2568 4815 5412 9050
465 8943 2695 7190 1837 220 8159 7997 2779 1890 2383
466 2123 1703 9111 2213 8790 9967 8669 3078 1073 4890 1343
467 6879 2433 5940 9449 1182 5522 5968 403 737 1873 6251 202 4912 8293 745
468 5384 5447 272 8090 4279 797 8892 1618 7044 699 5247 4831 545
469 8310 1036 4194 5917 5403 5346 7228 6775 1802 5302 7485 8644 395 7240
470 3895 1962 3510 5950 9019 8055 7485 6234 7185 6406 9002 8527 2179 313 6250 3634 6187 7153
471 8306 62 2521 5228 7560 9053 1342 1152 6321 8957 4855 7296
472 652 6903 7938 5846 7940 8040 7967 7038 6488 2806 8927 9651 201 2856 7309 5333
473 7112 7968 7238 1339 5017 7327 9245 7817 4433 1667 7161 9697 4071 574
474 6023 7246 2124 6208 6611 9418 3530 9112 3393 6805 6817 4946
475 3133 6530 1536 4908 4597 9102 6364 7799 2238 4948 5053 1579 8832 8406
476 5839 2492 553 5908 1828 5535 2413 6635 7207 9087 6068 5656 9635 4313 3885
477 8960 7255 7569 8132 7365 115 4483 9546 3338 6324 4343 9551 4079 6258
478 8786 42 7861 6130 2846 6074 9491 2771 1690 8865 437 1336 2915 4895 1852 5767 2437
479 8610 1195 7837 7768 6026 3613 9495 6150 1077 8168 2690 3416 9107 8193 2240 1625 4786
480 9710 2991 2215 9033 6480 5307 2933 9236 3044 7362 1441 3308 3748 3012 5446 311
481 1168 7684 7629 9172 3964 7431 9382 6999 5461 3176 5672 342 6957 1774 6021 9834
482 4493 7531 7066 9351 6529 3082 5452 6773 8821 9698 6161 3377
483 66 4561 3195 5574 2850 2952 9073 4782 9872 8469 2983 175 487 238 2704
484 6433 5835 1902 691 9595 5939 2064 6679 9398 3213 1297 9740
485 7216 3847 8989 1087 6440 186 3112 8624 9326 4478 2818 6922
486 2258 8443 2192 3119 5291 7377 4360 3963 4258 2467 8889 8069 5288 707 7179 2176 7759
487 9063 8689 2878 4828 3053 19 8543 1022 7428 5034 8531 2006 3521
488 8792 6829 9018 2301 436 6849 3872 4497 6389 6065 2757 5982 1739 8343
489 7904 7651 1710 3637 424 9238 7828 5372 4437 6786 1480 6693 4093 5500 2355
490 3353 3174 1998 3596 3175 8769 8725 7983 7386 7617 7630 6049 3089 5026
491 4540 2335 9857 4694 9041 4086 1802 5011 5575 8092 3376 7575
492 88 3926 7105 9634 1698 8528 4239 8011 4238 4078 2140 6072 6067
493 4448 9162 3049 8652 4273 8654 3298 5056 4995 3650 1206
494 5055 3811 2222 9022 8393 5467 1273 7987 3509 5279 4240 5629 1661 4170 5064
495 4140 2494 6381 2263 7633 227 1467 330 5818 4993 8860 5737 4411 6327 9979 4527
496 7134 6318 5166 7914 6996 2617 2593 6035 2788 2978 5559 6296 8111 7762 7419 9043
497 5157 9254 2970 5631 3401 4421 9170 6770 4666 2065 9667 5245
498 2730 765 9681 1697 780 3765 6078 7231 5003 4781 4544 9452 3244 1429 5483
499 7325 5750 6066 72 6731 3548 6739 1720 9110 3332 955 4385
