100
0 1457
1 936
2 4308
3 9851
4 8
5 8769
6 1775
7 1265
8 9794
9 7954
10 776
11 8229
12 612
13 3223
14 8375
15 8067
16 6801
17 5512
18 5123
19 1899
20 3217
21 4110
22 97
23 4492
24 1150
25 573
26 814
27 8188
28 7972
29 8391
30 8898
31 5643
32 57
33 9046
34 7048
35 4176
36 9884
37 8303
38 4536
39 7740
40 3536
41 258
42 7721
43 9868
44 2619
45 4884
46 4023
47 3336
48 729
49 6162
50 4509
51 7532
52 2932
53 9925
54 3667
55 9224
56 9384
57 4413
58 5681
59 6357
60 5540
61 4119
62 7485
63 422
64 6814
65 1203
66 2619
67 57
68 7837
69 8461
70 1683
71 1343
72 8510
73 6162
74 2513
75 7098
76 5896
77 3370
78 5652
79 6231
80 9233
81 1028
82 1176
83 2895
84 272
85 603
86 2734
87 9353
88 7444
89 5927
90 6541
91 3387
92 7536
93 4521
94 5695
95 6607
96 8048
97 5121
98 4188
99 1557
