100
0 177 2482 12 1009 82 26 242 1725 451 293 5246 677 3511 5136 31 10 166 5469 2978 7013 2340 4589 123 279 1208 5561 52 7301 62 339 16 27 2841 120 554
1 1512 774 13 2509 23 717 5820 5675 5414 2288 5046 882 179 568 93 36 101 8738 116 1137 8600 756 1799 1558 159 257 4738 237 231 316 184
2 6 58 4452 91 1075 20 190 635 680 1406 292 97 7815 1566 24 60 481 1699 3006 602 181 40 195 46 480 239 145 889 8272 65 2134 121 485
3 4032 581 143 9607 6 26 853 101 1288 205 3349 12 66 83 2191 507 57 2805 86 6329 3659 5803 1362 6064 28 419 72 69 6656 554
4 488 46 1635 17 1257 119 192 34 183 908 1628 637 13 31 85 12 57 3654 43 160 3420 5774 217 71 1515 1073 2436 335 6147 482 126
5 1702 178 409 310 5160 18 953 60 67 637 12 2163 28 937 80 66 20 8767 2151 1693 3513 747 61 2337 208 1014 71 2301 549 539 25 65 1310 3849
6 553 100 23 4809 222 67 4221 1106 659 65 36 551 64 648 976 159 4009 2840 150 774 74 112 16 60 1765 213 2220 427 557 804 644 27 2153 3198
7 38 74 4848 303 6031 119 848 807 170 118 30 5429 4752 31 1315 41 1590 5222 7 380 167 51 331 50 3548 485 948 398 66 24 151 10 1576 1296 3500 1100 87 63 355 7624
8 2014 283 9085 42 767 77 487 87 265 51 2928 1754 3179 6555 343 1588 125 500 2622 5186 2491 275 179 79 3059 35 1735 855 97 40 815 126 7537 1572 3198 1089 404 3774 1290
9 293 0 123 1756 174 6 9 676 1 95 3 2 938 187 656 99 7 219 2652 88 5641 951 101 2973 19 232 122 52 20 9442 6234 297 55 15 6729 138
10 56 3430 3252 93 1361 119 200 5170 131 94 12 1079 41 44 4386 934 715 2496 17 6912 466 32 662 71 3712 152 160 13 16 120 155 2848 5926
11 477 79 14 70 399 465 347 1758 30 48 234 72 76 7 3358 356 3164 2611 502 158 505 25 946 1509 24 1967 43 61 633 10 1571 6126 2433 859
12 5 1481 2688 979 130 879 421 301 192 1973 506 14 12 393 1082 678 32 245 790 2990 7182 19 22 207 439 51 168 533 878 48 129 3751 3983 10 595 5381 554 1502 1310
13 8688 237 6684 2169 851 1424 230 3257 71 2282 2491 1318 99 43 600 40 1642 352 109 27 251 207 172 607 2285 2852 1951 183 252 4336 5482
14 916 291 278 1136 1278 49 490 5795 191 762 14 1866 2247 846 3715 60 131 1235 89 524 28 181 880 933 4244 58 250 320 229 9225 82 211 1077
15 182 723 1461 36 780 127 196 44 358 793 131 296 541 231 1272 1506 1721 26 4632 628 110 2477 4914 19 8692 330 962 8 105 290 404 1532 3881 33 134 968
16 816 456 195 27 1207 3950 25 20 481 1027 270 1709 35 450 102 506 7791 1811 417 6630 1579 44 186 56 156 276 256 9843 2751 90 393 1583 4023 968
17 454 94 14 186 5893 759 20 4278 1710 346 435 42 3900 10 665 3274 21 7818 96 11 2202 633 247 3735 510 22 5278 215 318 8015 285 1352 3923 102 6049
18 60 39 213 34 5634 17 11 267 452 20 1395 50 747 251 16 2657 2222 18 161 35 613 4302 731 33 202 162 628 221 66 355 55 37 608 77 27 138 4102
19 67 1119 194 245 8150 775 2266 23 1072 981 55 344 250 236 345 9134 4063 13 347 2193 9768 21 1414 4120 7463 253 153 9 338 179 3797 309 1799 138
20 26 148 1 1290 2979 62 19 247 5154 8 210 1039 11 9798 712 137 250 676 0 280 3 7606 516 27 935 17 655 88 49 218 20 105 206 1005 44 82 2 9562 9519 5526 176
21 3989 4162 6480 5604 174 9 244 1407 95 1506 58 750 611 947 3648 457 4482 606 1087 23 4319 25 158 8116 4001 353 47 7325 412 4350 280 4090 2848 1482 2264
22 96 0 2 49 40 442 3 11 462 205 47 4 173 89 157 22 822 6731 1 5 168 584 230 458 933 6 133 2045 60 843 28 1310 977 9517 1290 1737
23 4 1156 26 39 33 0 1042 2 3 5 8 1 55 1948 35 233 6 17 1959 1438 28 19 3324 129 5834 1677 1152 107 46 1967 885 126 3700 138 968
24 825 3577 83 950 17 37 757 6854 105 178 29 221 390 104 39 805 59 208 219 223 87 2810 1184 465 5161 283 388 370 4732 135 330 725 6238 2060 708
25 6 2546 8 0 10 4 342 9677 12 1 2 74 409 1293 13 5 463 249 807 226 36 1490 21 14 22 1859 757 3 127 2191 952 44 69 3262 176 138 7242 1495 3483
26 406 3 0 1027 328 2 469 1127 3730 597 278 71 561 4051 5 6137 21 39 714 963 5361 67 99 513 179 5005 23 212 1388 554 797
27 63 119 32 240 29 2769 47 601 1345 1225 286 17 160 57 9 5812 411 2148 23 11 984 2960 24 37 212 3266 295 1137 21 6 10 53 16 118 574 513 4152 9262 468 155 2889 1954 2780
28 217 209 6 975 264 16 1000 232 960 12 114 23 7971 11 180 13 14 842 10 1506 22 135 91 268 1741 544 2968 6424 332 557 63 1140 655 6785 4364 2955 1263
29 2684 0 67 1 41 1389 350 5020 84 391 5 1099 143 29 3 2212 2 180 448 9357 153 4 6438 6 360 437 112 9 158 424 3158 309 442 2153
30 6696 288 29 314 1963 4325 431 8427 247 9360 67 163 61 3943 5417 1906 2014 42 143 2078 707 55 4514 7774 137 3895 492 610 4801 199 155
31 971 97 179 142 698 1841 5165 38 2738 130 401 1123 99 9 31 546 248 125 304 9906 1065 470 506 4361 8103 323 33 7924 27 19 253
32 4 1 2882 5 0 3 861 15 18 3458 272 1150 44 29 55 105 301 51 225 830 148 1865 402 121 37 17 2 9 83 309 67 645 161 7 8 1663 554 900 709 138 5921 3849
33 31 1 9 6697 91 20 3699 602 6 8488 1011 7387 12 539 16 5294 3790 22 188 940 2233 73 19 419 231 980 358 32 509 3119 15 3563 961 14 2444 5167 28 8 120 6698
34 363 1 4659 6130 3 587 7 4 371 1446 1089 2469 137 12 5597 17 2430 4096 340 154 198 5 24 3222 2147 5084 6523 38 2096 50 58 1921 204 1080 44 30 21 776 114 176 1290
35 25 2239 483 1074 6012 344 137 55 471 44 529 52 836 316 186 89 1150 763 96 49 128 310 212 27 969 953 519 1504 4613 2516 899 138 1065
36 142 415 81 312 526 35 79 1245 5140 1152 153 72 1481 5929 62 379 158 5811 1168 3317 163 41 234 1919 989 5001 805 3535 1333 3201 12 120 253 1638 6577 2591
37 3140 246 10 322 73 4362 19 2983 1372 1021 412 0 6755 332 395 62 2 6 15 18 51 514 866 16 817 594 45 1959 54 106 1233 1985 69 57 968 1737 3097
38 1862 256 298 209 3478 489 173 735 6702 62 8704 445 1266 1147 2992 119 7373 408 7764 1239 3926 120 129 3299 81 45 56 174 199 8516 137 607 582 1041 7776 58 1714 7977 8801 252 355 3457
39 1 1251 322 94 3 2 701 189 56 99 13 6 9 2128 0 796 4 118 169 546 21 632 7593 3813 26 7 204 25 750 8 1671 5921
40 67 306 144 772 5931 388 273 317 982 282 190 1275 521 6044 957 777 160 345 85 265 1880 4146 53 239 1570 3858 63 4928 7117 1263
41 43 4241 24 3784 39 3017 6 75 5801 7591 34 1837 4858 2014 4618 5688 1044 181 13 54 214 422 1815 12 117 28 1572
42 561 86 18 669 7 15 1058 4 490 284 29 331 7347 33 908 1729 1514 22 3790 595 4408 2228 4225 491 9561 9 2005 1027 1489 76 6398 119 9749 38 123 37 3172 121 9517 708
43 377 7986 296 2904 1894 4838 328 210 2507 4630 1296 41 55 1993 121 1333 1876 74 3317 1866 73 265 108 162 6423 47 3016 213 803 446 134 314 1408 325 27 800 686
44 332 5014 164 117 5 72 77 7 56 1 2091 2 1610 0 43 202 214 1051 135 256 2951 4089 6044 498 3 58 2575 1826 162 197 151 46 2196 146 109 650 69 9502 120
45 189 980 2360 282 4271 978 757 60 133 222 697 1627 576 1142 4657 414 5909 2254 488 653 7956 96 102 132 4211 42 8766 278 31 193 44 69 554 1502
46 1066 1932 445 1142 8585 122 1474 133 438 4581 1166 644 425 7135 1567 248 352 113 7600 68 128 8438 4131 227 573 2020 919 5482 1502
47 33 6074 3751 3692 313 4238 32 105 3151 454 188 565 2897 4791 1268 4146 269 218 641 9017 597 8055 670 3541 4620 8901 3525 184 5990 2264
48 3684 33 5728 4 2863 0 366 55 25 218 28 2 1 3 27 6 3692 124 96 74 4821 79 7 5 1371 11 103 35 248 2825 8616 2920 1260 300 19 8 389 583 4247
49 8973 272 3 419 2 297 1959 88 19 0 28 118 123 646 42 29 6137 108 64 9957 1 35 51 7718 235 4 3236 8 1752 7970 259 476 5221 7 4164 708
50 251 29 2184 1624 9952 827 125 2126 268 33 2227 8702 691 5178 4619 216 141 1414 82 83 4864 9 1391 672 64 2292 13 5562 41 357 1575 1891 305 36 356 4347 121
51 0 1 9234 28 33 4 2 8783 9 213 6 23 4705 597 788 4606 288 966 78 14 13 22 2410 63 200 7 508 21 45 1728 17 159 24 725 334 1989 2420 27 2818 9365
52 225 47 384 1601 4025 9 6514 6001 1 310 365 8 753 2190 3761 2327 29 5625 143 1361 1950 248 30 25 26 72 676 2088 724 381 14 1954 3849
53 6 0 11 21 114 19 22 12 3038 4 1 100 1434 62 17 18 171 5 13 2 161 2135 724 2052 8512 15 187 9 243 2218 8629 251 23 136 3 2262 1428 8 176 138 1384
54 68 2240 31 772 354 249 715 4184 1607 402 6043 2638 2099 2650 5195 204 446 89 139 56 9957 854 2000 83 62 61 9019 335 9763 4511 72 561 1697 1401 1568 5620 881 439 655 1184 1495
55 791 8729 52 262 7040 4850 171 2965 35 1246 7062 3161 946 3815 93 6149 1688 463 208 48 1902 154 298 20 5233 245 195 69 57 7234 4281 6887 1263 1502 3244
56 32 0 16 1 23 391 11 3 108 2 19 112 4 2431 2282 1913 2051 179 8114 50 799 6348 3796 34 7 8702 1697 35 8 5566 1591 719 62 9 9742 2451 632 5276 3756 859
57 7 11 456 2883 82 21 25 2458 268 16 4859 5724 619 10 2683 1595 1706 136 69 9566 53 20 116 2062 287 49 5797 372 378 52 14 63 410 3975
58 4104 5850 1378 550 2986 101 4685 148 99 70 134 8076 4474 3768 6604 2619 128 4133 909 936 224 329 175 760 396 6571 73 475 4895 294 121 1587 666 860 4596 688 2593 608 8355 120
59 9 65 167 21 323 769 1011 111 203 31 125 8601 6408 93 3843 225 2187 1429 64 1728 22 11 1264 1566 216 2295 2479 902 127 82 189 1412 8450
60 68 67 2562 43 338 24 5605 1393 65 113 21 83 30 1909 409 78 33 9609 5371 81 28 22 666 2730 417 2397 525 35 231 715 17 1312 544 240 4421 410 708
61 916 227 2634 104 64 2415 298 135 213 221 3661 106 33 448 1991 137 81 2609 444 362 688 1824 205 762 266 323 197 253 968 1737
62 54 194 9593 16 1627 3044 5546 64 161 559 766 528 167 7181 308 57 9203 601 278 6226 2745 803 659 210 209 132 106 9208 60 3753 5507 3704 6831 914 583 2076 7624
63 1991 6229 842 8131 459 1882 3313 144 3444 6412 206 327 4264 6834 9574 227 5368 907 5329 293 96 881 534 759 809 1178 8295 730 2178 1283 115 57 1554 184 900
64 29 1190 415 124 110 1988 409 785 591 170 1598 890 1704 1721 5376 1552 6035 679 798 2261 336 1035 52 1056 1397 216 397 6229 112 2152 6655 84 7748 1215 126 709
65 8428 7122 86 66 3946 222 319 2413 60 62 3175 862 392 106 5196 589 29 3769 1377 2460 55 818 22 2894 323 257 308 78 120 1679 3767 2818
66 3839 145 875 7316 1865 37 59 343 2142 845 292 65 866 462 54 124 29 101 976 67 93 3535 358 7027 6558 131 56 1413 48 90 7658 524 176
67 0 39 2132 1863 14 38 28 1 15 779 1843 68 157 1623 1956 375 19 4 2195 18 3 891 229 2706 3689 519 2 5 129 511 36 2098 3056 3389
68 760 1889 117 82 6820 475 1566 309 159 37 98 302 5999 509 664 462 131 5689 40 9359 6661 57 279 33 13 253 16 371 15 671 772 226 156 1078 236 176
69 762 6 141 1593 1499 11 5 33 73 427 1883 1119 388 1279 358 109 9 17 8180 58 276 57 63 245 3561 54 756 13 18 3520 6767 2177 7231 1446 1061 119 99 32 1482 6165
70 34 59 190 984 517 887 255 2524 1351 106 752 56 18 1803 12 5539 5667 4798 490 139 111 551 194 349 6748 374 5431 2836 11 1000 6698
71 165 13 590 18 1456 105 906 170 147 768 257 2696 6166 15 1073 98 2078 169 75 172 22 255 42 903 54 34 549 17 799 37 1334 197 1958
72 91 755 1353 2195 67 2473 46 248 51 60 111 20 313 6094 3828 84 332 2859 246 2094 327 180 324 194 103 26 7797 54 7712
73 609 99 4680 46 71 380 1232 137 9547 41 111 5479 2878 34 382 110 224 54 3528 1311 197 95 180 6359 753 172 589 9794 50 252 74 1495
74 2385 258 612 142 8365 21 234 435 625 517 3502 64 1210 1401 58 621 418 1332 659 184 992 275 9295 36 2522 148 1979 6450 1026 145 2156 5792 8875 196 134 2048 121 9471 2967 914 1754 6097 715 8938 126 1610 2112 5526 2848 3097
75 77 106 1314 122 92 10 945 562 1062 5519 182 6284 29 2067 1370 210 1337 70 108 360 302 268 447 46 161 235 89 346 145 9138 583 3244 1671
76 43 0 2 39 3 10 3228 16 27 455 5 22 103 128 245 11 3279 48 17 47 1 8 35 556 6 34 45 108 129 305 6288 155 869 2060 8095 900 867
77 8733 68 244 433 81 4138 5350 21 207 161 1130 10 1593 651 2657 75 197 134 18 499 7 24 2517 76 59 273 2942 222 20 447 78 8466 62 4347
78 1105 422 18 1686 77 152 44 12 2664 276 4477 2579 45 15 218 1402 32 13 2568 429 122 5120 34 375 567 1828 275 1271 70 325 1452 2818 2264
79 1459 1201 260 436 4793 378 8244 997 4048 6662 130 1748 152 76 277 7367 706 2096 3894 233 912 36 2886 62 47 1097 185 5773 8450 4371
80 38 8586 1442 9678 2759 351 553 1511 254 215 321 31 365 41 2147 2961 179 35 248 1626 1165 2795 19 7672 2456 545 7473 1932 231 8672 797 7559 138
81 527 928 248 147 1053 6 205 15 90 37 178 3879 80 22 7195 277 259 245 6847 83 76 497 363 1027 359 27 2423 156 173 113 7481 700 51 869 138
82 7433 334 121 216 369 25 4478 70 93 225 978 825 8241 602 184 7981 242 295 4597 841 26 49 128 348 2739 446 187 223 150 9872 169 72 524 404 252 1671 155 138
83 503 7687 76 6 941 1582 27 50 8401 9493 91 144 173 147 131 200 2052 45 54 118 59 742 3293 2791 24 6205 7287 8518 890 26 514 139 152 176 3244
84 53 233 2542 333 8 42 1269 34 3949 926 885 88 5490 28 32 8044 6354 27 124 4995 26 159 4761 25 155 31 487 455 1147 1620 127 418 126 2612
85 25 40 412 90 38 73 216 217 5 13 1449 176 2024 14 4 475 3559 8 2065 121 4240 53 912 758 226 2052 48 114 201 115 4390 7984 6304
86 0 500 2051 33 2221 98 238 5 21 2 4 3 1757 227 23 10 7 77 218 351 1896 11 2987 1121 1318 9041 96 13 79 1340 485 859
87 281 6 180 1368 34 505 186 104 11 4227 49 4040 3053 6614 8949 251 6779 4048 6052 97 91 949 2498 6045 176 2334 425 2594 110 3160 152 5959
88 47 26 1583 45 117 100 6025 3915 12 672 7777 1503 42 17 29 19 169 1591 796 5778 92 216 38 2475 5731 539 510 1571 1017 3400 95 3488 9 182 211 120
89 1 72 726 6 281 538 44 75 3354 3526 112 257 837 199 3137 28 156 267 30 2019 669 178 6087 2527 4971 60 16 87 206 15 169 682 498 1861 19 8579 636 4618
90 6 1 3223 5 15 28 3 1071 0 21 6160 4479 8 2209 1808 76 1828 655 141 229 3814 2 158 11 155 238 25 35 441 8461 1110 10 1776 4329 452 1476 4171 2371
91 651 663 12 8088 112 84 4370 2665 3003 164 55 5275 443 111 142 2477 60 407 4148 327 473 817 49 414 114 202 210 103 6018 739 654 6005 151 1746 228 970 534 1091 2591 267 3244 1671 3684
92 585 40 1054 0 68 2 4630 8 2360 5 25 20 14 4 121 3 475 1 41 7 21 141 50 399 73 30 8444 364 71 24 8948 715 3676 356 3097 9584
93 501 3194 9040 772 2295 470 589 162 70 1080 1515 2552 103 213 250 1058 2408 107 403 669 4 9556 854 1010 2739 1859 2493 276 7315 907 859
94 156 218 258 85 34 7590 2329 337 77 2576 321 59 43 932 619 374 88 1008 4299 318 338 1788 21 32 30 420 493 117 1783 28 1917 5051
95 6913 433 165 568 133 258 47 111 402 6629 64 580 84 228 740 3893 130 652 2348 3033 110 79 103 209 299 30 65 5161 8 554 7585
96 329 308 4757 92 219 243 727 3013 1867 2291 4088 189 2087 5447 3424 48 114 4560 77 1489 115 4044 163 109 2195 721 480 212 27 1442 523 2644 2330 509 571 252 2251 229 28 138 7055 1310
97 168 3561 49 230 375 3345 670 31 4 34 0 9 14 99 858 519 1478 3 658 413 212 1258 13 6 61 2 1992 510 1002 960 1 2282 28 355
98 205 1487 106 46 1 42 40 0 179 43 410 5 23 9 157 26 1658 175 2 8 13 5748 6400 556 56 5645 6201 1636 17 52 27 236 3097
99 1966 8 116 2498 15 9 14 75 1209 933 37 1 168 7497 3881 117 5197 97 303 41 27 2478 5863 599 4552 199 16 362 113 1889 19 8044 286 44 100 155 1648 1756 161 1541 3110 138 1334 708
